{"C:\\Users\\north\\Kryptotrac-xx-1\\app\\api\\insights\\generate\\route.ts": {"path":"C:\\Users\\north\\Kryptotrac-xx-1\\app\\api\\insights\\generate\\route.ts","statementMap":{"0":{"start":{"line":8,"column":2},"end":{"line":107,"column":3}},"1":{"start":{"line":9,"column":21},"end":{"line":9,"column":47}},"2":{"start":{"line":13,"column":8},"end":{"line":13,"column":37}},"3":{"start":{"line":15,"column":4},"end":{"line":17,"column":5}},"4":{"start":{"line":16,"column":6},"end":{"line":16,"column":74}},"5":{"start":{"line":19,"column":35},"end":{"line":24,"column":15}},"6":{"start":{"line":26,"column":4},"end":{"line":28,"column":5}},"7":{"start":{"line":27,"column":6},"end":{"line":27,"column":87}},"8":{"start":{"line":31,"column":53},"end":{"line":35,"column":24}},"9":{"start":{"line":37,"column":4},"end":{"line":39,"column":5}},"10":{"start":{"line":38,"column":6},"end":{"line":38,"column":79}},"11":{"start":{"line":42,"column":29},"end":{"line":58,"column":5}},"12":{"start":{"line":44,"column":29},"end":{"line":44,"column":58}},"13":{"start":{"line":45,"column":29},"end":{"line":45,"column":62}},"14":{"start":{"line":46,"column":26},"end":{"line":46,"column":71}},"15":{"start":{"line":47,"column":27},"end":{"line":47,"column":51}},"16":{"start":{"line":48,"column":37},"end":{"line":48,"column":67}},"17":{"start":{"line":50,"column":8},"end":{"line":56,"column":9}},"18":{"start":{"line":61,"column":20},"end":{"line":61,"column":55}},"19":{"start":{"line":62,"column":4},"end":{"line":64,"column":5}},"20":{"start":{"line":63,"column":6},"end":{"line":63,"column":89}},"21":{"start":{"line":67,"column":23},"end":{"line":67,"column":84}},"22":{"start":{"line":67,"column":59},"end":{"line":67,"column":80}},"23":{"start":{"line":68,"column":28},"end":{"line":68,"column":87}},"24":{"start":{"line":68,"column":64},"end":{"line":68,"column":83}},"25":{"start":{"line":69,"column":38},"end":{"line":69,"column":115}},"26":{"start":{"line":72,"column":21},"end":{"line":78,"column":5}},"27":{"start":{"line":80,"column":35},"end":{"line":85,"column":6}},"28":{"start":{"line":87,"column":4},"end":{"line":89,"column":5}},"29":{"start":{"line":88,"column":6},"end":{"line":88,"column":63}},"30":{"start":{"line":91,"column":34},"end":{"line":95,"column":50}},"31":{"start":{"line":97,"column":4},"end":{"line":101,"column":5}},"32":{"start":{"line":98,"column":26},"end":{"line":98,"column":64}},"33":{"start":{"line":98,"column":59},"end":{"line":98,"column":63}},"34":{"start":{"line":99,"column":6},"end":{"line":99,"column":76}},"35":{"start":{"line":100,"column":6},"end":{"line":100,"column":91}},"36":{"start":{"line":103,"column":4},"end":{"line":103,"column":51}},"37":{"start":{"line":105,"column":4},"end":{"line":105,"column":59}},"38":{"start":{"line":106,"column":4},"end":{"line":106,"column":87}}},"fnMap":{"0":{"name":"POST","decl":{"start":{"line":7,"column":22},"end":{"line":7,"column":26}},"loc":{"start":{"line":7,"column":29},"end":{"line":108,"column":1}},"line":7},"1":{"name":"(anonymous_1)","decl":{"start":{"line":43,"column":19},"end":{"line":43,"column":20}},"loc":{"start":{"line":43,"column":32},"end":{"line":57,"column":7}},"line":43},"2":{"name":"(anonymous_2)","decl":{"start":{"line":67,"column":47},"end":{"line":67,"column":48}},"loc":{"start":{"line":67,"column":59},"end":{"line":67,"column":80}},"line":67},"3":{"name":"(anonymous_3)","decl":{"start":{"line":68,"column":52},"end":{"line":68,"column":53}},"loc":{"start":{"line":68,"column":64},"end":{"line":68,"column":83}},"line":68},"4":{"name":"(anonymous_4)","decl":{"start":{"line":98,"column":52},"end":{"line":98,"column":53}},"loc":{"start":{"line":98,"column":59},"end":{"line":98,"column":63}},"line":98}},"branchMap":{"0":{"loc":{"start":{"line":15,"column":4},"end":{"line":17,"column":5}},"type":"if","locations":[{"start":{"line":15,"column":4},"end":{"line":17,"column":5}},{"start":{},"end":{}}],"line":15},"1":{"loc":{"start":{"line":26,"column":4},"end":{"line":28,"column":5}},"type":"if","locations":[{"start":{"line":26,"column":4},"end":{"line":28,"column":5}},{"start":{},"end":{}}],"line":26},"2":{"loc":{"start":{"line":26,"column":8},"end":{"line":26,"column":57}},"type":"binary-expr","locations":[{"start":{"line":26,"column":8},"end":{"line":26,"column":21}},{"start":{"line":26,"column":25},"end":{"line":26,"column":57}}],"line":26},"3":{"loc":{"start":{"line":37,"column":4},"end":{"line":39,"column":5}},"type":"if","locations":[{"start":{"line":37,"column":4},"end":{"line":39,"column":5}},{"start":{},"end":{}}],"line":37},"4":{"loc":{"start":{"line":37,"column":8},"end":{"line":37,"column":59}},"type":"binary-expr","locations":[{"start":{"line":37,"column":8},"end":{"line":37,"column":21}},{"start":{"line":37,"column":25},"end":{"line":37,"column":34}},{"start":{"line":37,"column":38},"end":{"line":37,"column":59}}],"line":37},"5":{"loc":{"start":{"line":62,"column":4},"end":{"line":64,"column":5}},"type":"if","locations":[{"start":{"line":62,"column":4},"end":{"line":64,"column":5}},{"start":{},"end":{}}],"line":62},"6":{"loc":{"start":{"line":69,"column":38},"end":{"line":69,"column":115}},"type":"cond-expr","locations":[{"start":{"line":69,"column":55},"end":{"line":69,"column":111}},{"start":{"line":69,"column":114},"end":{"line":69,"column":115}}],"line":69},"7":{"loc":{"start":{"line":87,"column":4},"end":{"line":89,"column":5}},"type":"if","locations":[{"start":{"line":87,"column":4},"end":{"line":89,"column":5}},{"start":{},"end":{}}],"line":87},"8":{"loc":{"start":{"line":97,"column":4},"end":{"line":101,"column":5}},"type":"if","locations":[{"start":{"line":97,"column":4},"end":{"line":101,"column":5}},{"start":{},"end":{}}],"line":97},"9":{"loc":{"start":{"line":97,"column":8},"end":{"line":97,"column":46}},"type":"binary-expr","locations":[{"start":{"line":97,"column":8},"end":{"line":97,"column":19}},{"start":{"line":97,"column":23},"end":{"line":97,"column":46}}],"line":97}},"s":{"0":0,"1":0,"2":0,"3":0,"4":0,"5":0,"6":0,"7":0,"8":0,"9":0,"10":0,"11":0,"12":0,"13":0,"14":0,"15":0,"16":0,"17":0,"18":0,"19":0,"20":0,"21":0,"22":0,"23":0,"24":0,"25":0,"26":0,"27":0,"28":0,"29":0,"30":0,"31":0,"32":0,"33":0,"34":0,"35":0,"36":0,"37":0,"38":0},"f":{"0":0,"1":0,"2":0,"3":0,"4":0},"b":{"0":[0,0],"1":[0,0],"2":[0,0],"3":[0,0],"4":[0,0,0],"5":[0,0],"6":[0,0],"7":[0,0],"8":[0,0],"9":[0,0]}}
,"C:\\Users\\north\\Kryptotrac-xx-1\\app\\auth\\signout\\route.ts": {"path":"C:\\Users\\north\\Kryptotrac-xx-1\\app\\auth\\signout\\route.ts","statementMap":{"0":{"start":{"line":5,"column":19},"end":{"line":5,"column":45}},"1":{"start":{"line":6,"column":2},"end":{"line":6,"column":31}},"2":{"start":{"line":7,"column":2},"end":{"line":7,"column":105}}},"fnMap":{"0":{"name":"POST","decl":{"start":{"line":4,"column":22},"end":{"line":4,"column":26}},"loc":{"start":{"line":4,"column":29},"end":{"line":8,"column":1}},"line":4}},"branchMap":{"0":{"loc":{"start":{"line":7,"column":44},"end":{"line":7,"column":103}},"type":"binary-expr","locations":[{"start":{"line":7,"column":44},"end":{"line":7,"column":76}},{"start":{"line":7,"column":80},"end":{"line":7,"column":103}}],"line":7}},"s":{"0":0,"1":0,"2":0},"f":{"0":0},"b":{"0":[0,0]}}
,"C:\\Users\\north\\Kryptotrac-xx-1\\components\\ui\\use-mobile.tsx": {"path":"C:\\Users\\north\\Kryptotrac-xx-1\\components\\ui\\use-mobile.tsx","statementMap":{"0":{"start":{"line":3,"column":26},"end":{"line":3,"column":29}},"1":{"start":{"line":6,"column":34},"end":{"line":6,"column":80}},"2":{"start":{"line":8,"column":2},"end":{"line":16,"column":8}},"3":{"start":{"line":9,"column":16},"end":{"line":9,"column":76}},"4":{"start":{"line":10,"column":21},"end":{"line":12,"column":5}},"5":{"start":{"line":11,"column":6},"end":{"line":11,"column":56}},"6":{"start":{"line":13,"column":4},"end":{"line":13,"column":44}},"7":{"start":{"line":14,"column":4},"end":{"line":14,"column":54}},"8":{"start":{"line":15,"column":4},"end":{"line":15,"column":60}},"9":{"start":{"line":15,"column":17},"end":{"line":15,"column":60}},"10":{"start":{"line":18,"column":2},"end":{"line":18,"column":19}}},"fnMap":{"0":{"name":"useIsMobile","decl":{"start":{"line":5,"column":16},"end":{"line":5,"column":27}},"loc":{"start":{"line":5,"column":30},"end":{"line":19,"column":1}},"line":5},"1":{"name":"(anonymous_1)","decl":{"start":{"line":8,"column":18},"end":{"line":8,"column":19}},"loc":{"start":{"line":8,"column":24},"end":{"line":16,"column":3}},"line":8},"2":{"name":"(anonymous_2)","decl":{"start":{"line":10,"column":21},"end":{"line":10,"column":22}},"loc":{"start":{"line":10,"column":27},"end":{"line":12,"column":5}},"line":10},"3":{"name":"(anonymous_3)","decl":{"start":{"line":15,"column":11},"end":{"line":15,"column":12}},"loc":{"start":{"line":15,"column":17},"end":{"line":15,"column":60}},"line":15}},"branchMap":{},"s":{"0":0,"1":0,"2":0,"3":0,"4":0,"5":0,"6":0,"7":0,"8":0,"9":0,"10":0},"f":{"0":0,"1":0,"2":0,"3":0},"b":{}}
,"C:\\Users\\north\\Kryptotrac-xx-1\\lib\\deepseek.ts": {"path":"C:\\Users\\north\\Kryptotrac-xx-1\\lib\\deepseek.ts","statementMap":{"0":{"start":{"line":5,"column":17},"end":{"line":8,"column":2}},"1":{"start":{"line":11,"column":29},"end":{"line":11,"column":54}}},"fnMap":{},"branchMap":{},"s":{"0":0,"1":0},"f":{},"b":{}}
,"C:\\Users\\north\\Kryptotrac-xx-1\\lib\\stripe.ts": {"path":"C:\\Users\\north\\Kryptotrac-xx-1\\lib\\stripe.ts","statementMap":{"0":{"start":{"line":6,"column":0},"end":{"line":9,"column":2}},"1":{"start":{"line":11,"column":22},"end":{"line":14,"column":2}},"2":{"start":{"line":18,"column":43},"end":{"line":18,"column":105}},"3":{"start":{"line":19,"column":42},"end":{"line":19,"column":102}},"4":{"start":{"line":22,"column":45},"end":{"line":22,"column":86}},"5":{"start":{"line":23,"column":44},"end":{"line":23,"column":84}}},"fnMap":{},"branchMap":{"0":{"loc":{"start":{"line":11,"column":33},"end":{"line":11,"column":81}},"type":"binary-expr","locations":[{"start":{"line":11,"column":33},"end":{"line":11,"column":62}},{"start":{"line":11,"column":66},"end":{"line":11,"column":81}}],"line":11},"1":{"loc":{"start":{"line":18,"column":43},"end":{"line":18,"column":105}},"type":"binary-expr","locations":[{"start":{"line":18,"column":43},"end":{"line":18,"column":82}},{"start":{"line":18,"column":86},"end":{"line":18,"column":105}}],"line":18},"2":{"loc":{"start":{"line":19,"column":42},"end":{"line":19,"column":102}},"type":"binary-expr","locations":[{"start":{"line":19,"column":42},"end":{"line":19,"column":80}},{"start":{"line":19,"column":84},"end":{"line":19,"column":102}}],"line":19}},"s":{"0":0,"1":0,"2":0,"3":0,"4":0,"5":0},"f":{},"b":{"0":[0,0],"1":[0,0],"2":[0,0]}}
}
